<?xml version="1.0" encoding="UTF-8"?>
<!-- Generated by org.testng.reporters.JUnitReportReporter -->
<testsuite skipped="0" hostname="DESKTOP-Q425P0C" name="Yum" tests="3" failures="0" timestamp="19 Jul 2022 19:24:46 GMT" time="0.004" errors="0">
  <testcase name="setup" time="0.004" classname="Yum"/>
  <testcase name="testSteps" time="0.000" classname="Yum"/>
  <testcase name="tearDown" time="0.000" classname="Yum"/>
</testsuite> <!-- Yum -->
